<?xml version="1.0" encoding="UTF-8"?>
<!-- Generated by org.testng.reporters.JUnitReportReporter -->
<testsuite hostname="DESKTOP-QVM6J4J" failures="0" tests="1" name="com.Test.Test_4_brokenlink" time="48.641" errors="0" timestamp="2022-05-16T08:09:18 IST" skipped="0">
  <testcase classname="com.Test.Test_4_brokenlink" name="verifybrokenLink" time="48.641"/>
  <system-out/>
</testsuite> <!-- com.Test.Test_4_brokenlink -->
