<?xml version="1.0" encoding="UTF-8"?>
<!-- Generated by org.testng.reporters.JUnitReportReporter -->
<testsuite hostname="DESKTOP-QVM6J4J" failures="0" tests="4" name="com.Test.Test_1" time="63.756" errors="0" timestamp="2022-05-15T20:13:45 IST" skipped="0">
  <testcase classname="com.Test.Test_1" name="verifyTest_2" time="16.910"/>
  <system-out/>
  <testcase classname="com.Test.Test_1" name="verifyTest_1" time="15.735"/>
  <system-out/>
  <testcase classname="com.Test.Test_1" name="verifyTest_1" time="15.319"/>
  <system-out/>
  <testcase classname="com.Test.Test_1" name="verifyTest_2" time="15.792"/>
  <system-out/>
</testsuite> <!-- com.Test.Test_1 -->
